Arguments: 
  C:\Program Files\nodejs\node.exe C:\Users\my hp\AppData\Roaming\npm\node_modules\yarn\bin\yarn.js

PATH: 
  C:\Users\my hp\bin;C:\Program Files\Git\mingw64\bin;C:\Program Files\Git\usr\local\bin;C:\Program Files\Git\usr\bin;C:\Program Files\Git\usr\bin;C:\Program Files\Git\mingw64\bin;C:\Program Files\Git\usr\bin;C:\Users\my hp\bin;C:\Users\YOUR_USERNAME\AppData\Roaming\npm;C:\Program Files\Git\cmd;C:\Program Files\Microsoft SQL Server\Client SDK\ODBC\170\Tools\Binn;C:\Program Files (x86)\Microsoft SQL Server\150\Tools\Binn;C:\Program Files\Microsoft SQL Server\150\Tools\Binn;C:\Program Files\Microsoft SQL Server\150\DTS\Binn;C:\Program Files (x86)\Microsoft SQL Server\150\DTS\Binn;C:\Program Files\Azure Data Studio\bin;C:\Users\my hp\AppData\Roaming\npm\yarn;C:\Users\my hp\AppData\Roaming\npm\node_modules\yarn\bin;C:\Program Files\dotnet;C:\Program Files (x86)\dotnet;C:\Program Files\nodejs;C:\Windows\system32;C:\Program Files\dotnet;C:\Users\my hp\AppData\Roaming\npm;C:\Users\my hp\AppData\Local\Programs\Microsoft VS Code\bin;.;C:\WINDOWS\system32";C:\Program Files\Git\usr\bin\vendor_perl;C:\Program Files\Git\usr\bin\core_perl

Yarn version: 
  1.22.10

Node version: 
  12.18.4

Platform: 
  win32 x64

Trace: 
  Error: read ECONNRESET
      at TLSWrap.onStreamRead (internal/stream_base_commons.js:205:27)

npm manifest: 
  {
    "name": "argon-react-native",
    "version": "1.7.0",
    "description": "Argon React Native, based on Argon Design System. Coded by Creative Tim",
    "main": "node_modules/expo/AppEntry.js",
    "scripts": {
      "start": "expo start",
      "android": "expo start --android",
      "ios": "expo start --ios",
      "eject": "expo eject"
    },
    "repository": {
      "type": "git",
      "url": "git+https://github.com/creativetimofficial/argon-react-native.git"
    },
    "dependencies": {
      "@react-native-community/masked-view": "0.1.10",
      "@react-navigation/bottom-tabs": "^5.5.1",
      "@react-navigation/compat": "^5.1.25",
      "@react-navigation/drawer": "5.12.4",
      "@react-navigation/native": "5.9.3",
      "@react-navigation/stack": "5.14.3",
      "@use-expo/font": "^2.0.0",
      "expo": "^40.0.0",
      "expo-app-loading": "^1.0.1",
      "expo-asset": "~8.2.1",
      "expo-font": "~8.4.0",
      "galio-framework": "^0.7.1",
      "prop-types": "^15.7.2",
      "react": "16.13.1",
      "react-native": "https://github.com/expo/react-native/archive/sdk-40.0.1.tar.gz",
      "react-native-gesture-handler": "~1.8.0",
      "react-native-modal-dropdown": "git+https://github.com/siemiatj/react-native-modal-dropdown.git",
      "react-native-reanimated": "~1.13.0",
      "react-native-safe-area-context": "3.1.9",
      "react-native-screens": "~2.15.2"
    },
    "devDependencies": {
      "babel-preset-expo": "8.3.0"
    },
    "keywords": [
      "argon react native",
      "argon design system",
      "argon app react native",
      "argon iOS",
      "react native iOS",
      "creative tim",
      "argon Android",
      "react native ui kit",
      "react native expo",
      "freebie",
      "react native argon design",
      "react native galio",
      "galio argon free",
      "galio react native free app",
      "argon expo react native",
      "react native ui template"
    ],
    "author": "Creative Tim <hello@creative-tim.com> (https://www.creative-tim.com/)",
    "license": "MIT",
    "bugs": {
      "url": "https://github.com/creativetimofficial/argon-react-native/issues"
    },
    "homepage": "https://demos.creative-tim.com/argon-react-native"
  }

yarn manifest: 
  No manifest

Lockfile: 
  No lockfile
